<?xml version="1.0" encoding="UTF-8"?>
<!-- Generated by org.testng.reporters.JUnitReportReporter -->
<testsuite hostname="DESKTOP-6KRDD4R" failures="0" tests="2" name="Sample2Test" time="0.009" errors="0" timestamp="2022-11-17T15:09:44 IST" skipped="0">
  <testcase classname="Sample2Test" name="script4" time="0.006"/>
  <system-out/>
  <testcase classname="Sample2Test" name="script3" time="0.003"/>
  <system-out/>
</testsuite> <!-- Sample2Test -->
