<?xml version="1.0" encoding="UTF-8"?>
<!-- Generated by org.testng.reporters.JUnitReportReporter -->
<testsuite hostname="DESKTOP-6KRDD4R" failures="0" tests="1" name="mavenTestProject.removeduplicate" time="0.011" errors="0" timestamp="2022-12-03T20:13:44 IST" skipped="0">
  <testcase classname="mavenTestProject.removeduplicate" name="removeduplicate" time="0.011"/>
  <system-out/>
</testsuite> <!-- mavenTestProject.removeduplicate -->
