<?xml version="1.0" encoding="UTF-8"?>
<!-- Generated by org.testng.reporters.JUnitReportReporter -->
<testsuite hostname="DESKTOP-6KRDD4R" failures="0" tests="1" name="mavenTestProject.nameandageExcel" time="9.624" errors="0" timestamp="2022-12-06T11:13:22 IST" skipped="0">
  <testcase classname="mavenTestProject.nameandageExcel" name="nameandageExcel" time="9.624"/>
  <system-out/>
</testsuite> <!-- mavenTestProject.nameandageExcel -->
