<?xml version="1.0" encoding="UTF-8"?>
<!-- Generated by org.testng.reporters.JUnitReportReporter -->
<testsuite hostname="DESKTOP-6KRDD4R" failures="0" tests="1" name="mavenTestProject.eachWordOccurance" time="0.018" errors="0" timestamp="2022-12-03T20:14:07 IST" skipped="0">
  <testcase classname="mavenTestProject.eachWordOccurance" name="eachWordOccurance" time="0.018"/>
  <system-out/>
</testsuite> <!-- mavenTestProject.eachWordOccurance -->
