<?xml version="1.0" encoding="UTF-8"?>
<!-- Generated by org.testng.reporters.JUnitReportReporter -->
<testsuite hostname="DESKTOP-6KRDD4R" failures="0" tests="2" name="Sample4Test" time="0.013" errors="0" timestamp="2022-11-17T15:09:44 IST" skipped="0">
  <testcase classname="Sample4Test" name="script7" time="0.011"/>
  <system-out/>
  <testcase classname="Sample4Test" name="script8" time="0.002"/>
  <system-out/>
</testsuite> <!-- Sample4Test -->
