<?xml version="1.0" encoding="UTF-8"?>
<!-- Generated by org.testng.reporters.JUnitReportReporter -->
<testsuite hostname="DESKTOP-6KRDD4R" failures="0" tests="1" name="mavenTestProject.readFromDatabaseTest1" time="7.895" errors="0" timestamp="2022-11-30T14:40:03 IST" skipped="0">
  <testcase classname="mavenTestProject.readFromDatabaseTest1" name="readFromDatabaseTest1" time="7.895"/>
  <system-out/>
</testsuite> <!-- mavenTestProject.readFromDatabaseTest1 -->
